<?xml version="1.0" encoding="UTF-8"?>
<!-- Generated by org.testng.reporters.JUnitReportReporter -->
<testsuite hostname="Laptop-OBS-123" failures="0" tests="3" name="api.test.AdminTest" time="8.684" errors="0" timestamp="2023-04-17T19:13:45 IST" skipped="0">
  <testcase classname="api.test.AdminTest" name="activeStatus" time="1.152"/>
  <system-out/>
  <testcase classname="api.test.AdminTest" name="my_Profile" time="1.030"/>
  <system-out/>
  <testcase classname="api.test.AdminTest" name="keyGeneration" time="6.502"/>
  <system-out/>
</testsuite> <!-- api.test.AdminTest -->
