<?xml version="1.0" encoding="UTF-8"?>
<!-- Generated by org.testng.reporters.JUnitReportReporter -->
<testsuite hostname="Laptop-OBS-123" failures="0" tests="1" name="api.test.AdminTest" time="5.457" errors="0" timestamp="2023-04-13T13:29:30 IST" skipped="0">
  <testcase classname="api.test.AdminTest" name="loginAsAdmin" time="5.457"/>
  <system-out/>
</testsuite> <!-- api.test.AdminTest -->
