<?xml version="1.0" encoding="UTF-8"?>
<!-- Generated by org.testng.reporters.JUnitReportReporter -->
<testsuite hostname="Laptop-OBS-123" failures="0" tests="3" name="api.test.AdminTest" time="7.546" errors="0" timestamp="2023-04-10T14:57:59 IST" skipped="0">
  <testcase classname="api.test.AdminTest" name="loginAsAdmin" time="5.502"/>
  <system-out/>
  <testcase classname="api.test.AdminTest" name="my_Profile" time="1.015"/>
  <system-out/>
  <testcase classname="api.test.AdminTest" name="activeStatus" time="1.029"/>
  <system-out/>
</testsuite> <!-- api.test.AdminTest -->
